<?xml version="1.0" encoding="UTF-8"?>
<!-- Generated by org.testng.reporters.JUnitReportReporter -->
<testsuite hostname="DESKTOP-E42SMQE" failures="0" tests="4" name="TestCases.HomePageTest" time="44.240" errors="0" timestamp="2022-02-24T09:16:52 IST" skipped="0">
  <testcase classname="TestCases.HomePageTest" name="VerifySearchButtonTest" time="7.989"/>
  <system-out/>
  <testcase classname="TestCases.HomePageTest" name="VerifyTonavigationBarTest" time="20.217"/>
  <system-out/>
  <testcase classname="TestCases.HomePageTest" name="VerifyHomepageTitleTest" time="6.815"/>
  <system-out/>
  <testcase classname="TestCases.HomePageTest" name="VerifySearchBoxTest" time="9.219"/>
  <system-out/>
</testsuite> <!-- TestCases.HomePageTest -->
