<?xml version="1.0" encoding="UTF-8"?>
<!-- Generated by org.testng.reporters.JUnitReportReporter -->
<testsuite hostname="DESKTOP-E42SMQE" failures="0" tests="4" name="TestCases.HomePageTest" time="88.975" errors="0" timestamp="2022-03-02T09:13:51 IST" skipped="0">
  <testcase classname="TestCases.HomePageTest" name="VerifySearchBoxTest" time="16.970"/>
  <system-out/>
  <testcase classname="TestCases.HomePageTest" name="VerifyHomepageTitleTest" time="30.887"/>
  <system-out/>
  <testcase classname="TestCases.HomePageTest" name="VerifyTonavigationBarTest" time="22.321"/>
  <system-out/>
  <testcase classname="TestCases.HomePageTest" name="VerifySearchButtonTest" time="18.797"/>
  <system-out/>
</testsuite> <!-- TestCases.HomePageTest -->
