<?xml version="1.0" encoding="UTF-8"?>
<!-- Generated by org.testng.reporters.JUnitReportReporter -->
<testsuite hostname="DESKTOP-E42SMQE" failures="0" tests="5" name="TestCases.MyAccountPageTest" time="128.249" errors="0" timestamp="2022-03-02T09:13:51 IST" skipped="0">
  <testcase classname="TestCases.MyAccountPageTest" name="VerifyMyOrdersHeaderTest" time="18.960"/>
  <system-out/>
  <testcase classname="TestCases.MyAccountPageTest" name="VerifyMyAffiliateAccountHeaderTest" time="30.720"/>
  <system-out/>
  <testcase classname="TestCases.MyAccountPageTest" name="verifyMyAccountHeaderTest" time="29.238"/>
  <system-out/>
  <testcase classname="TestCases.MyAccountPageTest" name="VerifyNewsLetterHeaderTest" time="13.670"/>
  <system-out/>
  <testcase classname="TestCases.MyAccountPageTest" name="verifyMyAccountpageTitleTest" time="35.661"/>
  <system-out/>
</testsuite> <!-- TestCases.MyAccountPageTest -->
