<?xml version="1.0" encoding="UTF-8"?>
<!-- Generated by org.testng.reporters.JUnitReportReporter -->
<testsuite hostname="DESKTOP-E42SMQE" failures="0" tests="6" name="TestCases.RegisterPageTest" time="158.357" errors="0" timestamp="2022-03-02T08:43:33 IST" skipped="0">
  <testcase classname="TestCases.RegisterPageTest" name="registrationTest" time="15.948"/>
  <system-out/>
  <testcase classname="TestCases.RegisterPageTest" name="registrationTest" time="31.141"/>
  <system-out/>
  <testcase classname="TestCases.RegisterPageTest" name="registrationTest" time="29.285"/>
  <system-out/>
  <testcase classname="TestCases.RegisterPageTest" name="registrationTest" time="21.627"/>
  <system-out/>
  <testcase classname="TestCases.RegisterPageTest" name="registrationTest" time="37.241"/>
  <system-out/>
  <testcase classname="TestCases.RegisterPageTest" name="registrationTest" time="23.115"/>
  <system-out/>
</testsuite> <!-- TestCases.RegisterPageTest -->
