<?xml version="1.0" encoding="UTF-8"?>
<!-- Generated by org.testng.reporters.JUnitReportReporter -->
<testsuite hostname="DESKTOP-E42SMQE" failures="0" tests="1" name="TestCases.LoginPageTest" time="14.273" errors="0" timestamp="2022-03-02T09:18:09 IST" skipped="0">
  <testcase classname="TestCases.LoginPageTest" name="verifyLoginWithInvalidCredentials" time="14.273"/>
  <system-out/>
</testsuite> <!-- TestCases.LoginPageTest -->
